<?xml version="1.0" encoding="UTF-8"?>
<!-- Generated by org.testng.reporters.JUnitReportReporter -->
<testsuite hostname="DESKTOP-9PC4BO5" failures="0" tests="3" name="final_project.SelProject" time="11.085" errors="0" timestamp="23 Feb 2024 12:59:11 GMT">
  <testcase classname="final_project.SelProject" name="product3" time="4.160"/>
  <testcase classname="final_project.SelProject" name="product2" time="3.132"/>
  <testcase classname="final_project.SelProject" name="product1" time="3.793"/>
</testsuite> <!-- final_project.SelProject -->
